<?xml version="1.0" encoding="UTF-8"?>
<!-- Generated by org.testng.reporters.JUnitXMLReporter -->
<testsuite hostname="NJ9YYRH42" ignored="0" name="httpClient_first" tests="3" failures="0" timestamp="2020-06-19T18:05:25 CST" time="4.596" errors="0">
  <testcase name="autoSettleTrigger" time="2.186" classname="com.bill99.test.TriggerTest"/>
  <testcase name="postingTodayTrigger" time="1.163" classname="com.bill99.test.TriggerTest"/>
  <testcase name="refundOrderNotice" time="1.207" classname="com.bill99.test.TriggerTest"/>
</testsuite> <!-- httpClient_first -->
