<?xml version="1.0" encoding="UTF-8"?>
<!-- Generated by org.testng.reporters.JUnitXMLReporter -->
<testsuite hostname="NJ9YYRH42" ignored="0" name="httpClient_first" tests="3" failures="0" timestamp="2020-06-19T19:41:57 CST" time="4.339" errors="0">
  <testcase name="postingTodayTrigger" time="1.93" classname="com.bill99.test.TriggerTest"/>
  <testcase name="autoSettleTrigger" time="1.277" classname="com.bill99.test.TriggerTest"/>
  <testcase name="refundOrderNotice" time="1.1" classname="com.bill99.test.TriggerTest"/>
</testsuite> <!-- httpClient_first -->
